<?xml version="1.0" encoding="UTF-8"?>
<!-- Generated by org.testng.reporters.JUnitReportReporter -->
<testsuite hostname="DESKTOP-3DVRLHB" failures="0" tests="1" name="com.testscript.deleteCustomer" time="0.012" errors="0" timestamp="09 Jun 2023 09:15:37 GMT" skipped="0">
  <testcase classname="com.testscript.deleteCustomer" name="testDeleteCustomer" time="0.012"/>
</testsuite> <!-- com.testscript.deleteCustomer -->
